<?xml version="1.0" encoding="UTF-8"?>
<!-- Generated by org.testng.reporters.JUnitReportReporter -->
<testsuite hostname="DESKTOP-HM27A8M" failures="0" tests="1" name="maven_github.Create_test1" time="0.017" errors="0" timestamp="2023-01-28T11:00:50 IST" skipped="0">
  <testcase classname="maven_github.Create_test1" name="create" time="0.017"/>
  <system-out/>
</testsuite> <!-- maven_github.Create_test1 -->
